20:23:24 INFO  : Registering command handlers for SDK TCF services
20:23:25 INFO  : Launching XSCT server: xsct.bat -interactive C:\vivado_projects\TCP_NEXYS4DDR\TCP_NEXYS4DDR.sdk\temp_xsdb_launch_script.tcl
20:23:27 INFO  : XSCT server has started successfully.
20:23:27 INFO  : Successfully done setting XSCT server connection channel  
20:23:27 INFO  : Successfully done setting SDK workspace  
20:23:27 INFO  : Processing command line option -hwspec C:/vivado_projects/TCP_NEXYS4DDR/TCP_NEXYS4DDR.sdk/design_1_wrapper.hdf.
20:26:43 ERROR : Interrupted exception while waiting for the completion of command '::hsi::utils::closesw C:/vivado_projects/TCP_NEXYS4DDR/TCP_NEXYS4DDR.sdk/echo_server_bsp/system.mss'
20:26:43 ERROR : Failed to closesw "C:/vivado_projects/TCP_NEXYS4DDR/TCP_NEXYS4DDR.sdk/echo_server_bsp/system.mss"
java.lang.InterruptedException
	at java.lang.Object.wait(Native Method)
	at java.lang.Object.wait(Object.java:502)
	at com.xilinx.sdk.xsdb.XsdbCommandWaitHandler.waitForCompletion(XsdbCommandWaitHandler.java:52)
	at com.xilinx.sdk.xsdb.XSDBCommandManager.issueAndWait(XSDBCommandManager.java:402)
	at com.xilinx.sdk.xsdb.XsdbCommandUtils.executeAndRespond(XsdbCommandUtils.java:308)
	at com.xilinx.sdk.sw.internal.SwPlatform.dispose(SwPlatform.java:299)
	at com.xilinx.sdk.sw.internal.SwProject.disposeSwPlatform(SwProject.java:219)
	at com.xilinx.sdk.sw.ui.BspSettingsFlow.executeFlowInternal(BspSettingsFlow.java:123)
	at com.xilinx.sdk.sw.ui.BspSettingsFlow.executeFlow(BspSettingsFlow.java:79)
	at com.xilinx.sdk.sw.ui.internal.editors.MSSViewer$1.widgetSelected(MSSViewer.java:151)
	at org.eclipse.swt.widgets.TypedListener.handleEvent(TypedListener.java:249)
	at org.eclipse.swt.widgets.EventTable.sendEvent(EventTable.java:84)
	at org.eclipse.swt.widgets.Display.sendEvent(Display.java:4410)
	at org.eclipse.swt.widgets.Widget.sendEvent(Widget.java:1079)
	at org.eclipse.swt.widgets.Display.runDeferredEvents(Display.java:4228)
	at org.eclipse.swt.widgets.Display.readAndDispatch(Display.java:3816)
	at org.eclipse.e4.ui.internal.workbench.swt.PartRenderingEngine$4.run(PartRenderingEngine.java:1121)
	at org.eclipse.core.databinding.observable.Realm.runWithDefault(Realm.java:336)
	at org.eclipse.e4.ui.internal.workbench.swt.PartRenderingEngine.run(PartRenderingEngine.java:1022)
	at org.eclipse.e4.ui.internal.workbench.E4Workbench.createAndRunUI(E4Workbench.java:150)
	at org.eclipse.ui.internal.Workbench$5.run(Workbench.java:687)
	at org.eclipse.core.databinding.observable.Realm.runWithDefault(Realm.java:336)
	at org.eclipse.ui.internal.Workbench.createAndRunWorkbench(Workbench.java:604)
	at org.eclipse.ui.PlatformUI.createAndRunWorkbench(PlatformUI.java:148)
	at org.eclipse.ui.internal.ide.application.IDEApplication.start(IDEApplication.java:138)
	at org.eclipse.equinox.internal.app.EclipseAppHandle.run(EclipseAppHandle.java:196)
	at org.eclipse.core.runtime.internal.adaptor.EclipseAppLauncher.runApplication(EclipseAppLauncher.java:134)
	at org.eclipse.core.runtime.internal.adaptor.EclipseAppLauncher.start(EclipseAppLauncher.java:104)
	at org.eclipse.core.runtime.adaptor.EclipseStarter.run(EclipseStarter.java:388)
	at org.eclipse.core.runtime.adaptor.EclipseStarter.run(EclipseStarter.java:243)
	at sun.reflect.NativeMethodAccessorImpl.invoke0(Native Method)
	at sun.reflect.NativeMethodAccessorImpl.invoke(NativeMethodAccessorImpl.java:62)
	at sun.reflect.DelegatingMethodAccessorImpl.invoke(DelegatingMethodAccessorImpl.java:43)
	at java.lang.reflect.Method.invoke(Method.java:498)
	at org.eclipse.equinox.launcher.Main.invokeFramework(Main.java:673)
	at org.eclipse.equinox.launcher.Main.basicRun(Main.java:610)
	at org.eclipse.equinox.launcher.Main.run(Main.java:1519)
20:28:18 INFO  : No changes in MSS file content so not generating sources.
20:29:00 INFO  : Connected to target on host '127.0.0.1' and port '3121'.
20:29:02 INFO  : 'targets -set -filter {jtag_cable_name =~ "Digilent Nexys4DDR 210292A4C746A" && level==0} -index 0' command is executed.
20:29:04 INFO  : FPGA configured successfully with bitstream "C:/vivado_projects/TCP_NEXYS4DDR/TCP_NEXYS4DDR.sdk/design_1_wrapper_hw_platform_0/download.bit"
20:30:35 INFO  : 'targets -set -filter {jtag_cable_name =~ "Digilent Nexys4DDR 210292A4C746A" && level==0} -index 0' command is executed.
20:30:35 INFO  : 'fpga -state' command is executed.
20:30:35 INFO  : Connected to target on host '127.0.0.1' and port '3121'.
20:30:35 INFO  : Jtag cable 'Digilent Nexys4DDR 210292A4C746A' is selected.
20:30:35 INFO  : 'jtag frequency' command is executed.
20:30:35 INFO  : 'configparams mdm-detect-bscan-mask 2' command is executed.
20:30:35 INFO  : Context for processor 'microblaze_0' is selected.
20:30:35 INFO  : Processor reset is completed for 'microblaze_0'.
20:30:35 INFO  : Context for processor 'microblaze_0' is selected.
20:30:36 INFO  : The application 'C:/vivado_projects/TCP_NEXYS4DDR/TCP_NEXYS4DDR.sdk/echo_server/Debug/echo_server.elf' is downloaded to processor 'microblaze_0'.
20:30:36 INFO  : ----------------XSDB Script----------------
connect -url tcp:127.0.0.1:3121
configparams mdm-detect-bscan-mask 2
targets -set -nocase -filter {name =~ "microblaze*#0" && bscan=="USER2"  && jtag_cable_name =~ "Digilent Nexys4DDR 210292A4C746A"} -index 0
rst -processor
targets -set -nocase -filter {name =~ "microblaze*#0" && bscan=="USER2"  && jtag_cable_name =~ "Digilent Nexys4DDR 210292A4C746A"} -index 0
dow C:/vivado_projects/TCP_NEXYS4DDR/TCP_NEXYS4DDR.sdk/echo_server/Debug/echo_server.elf
----------------End of Script----------------

20:30:36 INFO  : Context for processor 'microblaze_0' is selected.
20:30:36 INFO  : 'con' command is executed.
20:30:36 INFO  : ----------------XSDB Script (After Launch)----------------
targets -set -nocase -filter {name =~ "microblaze*#0" && bscan=="USER2"  && jtag_cable_name =~ "Digilent Nexys4DDR 210292A4C746A"} -index 0
con
----------------End of Script----------------

20:30:36 INFO  : Disconnected from the channel tcfchan#1.
20:32:28 INFO  : Launching XSCT server: xsct.bat -interactive C:\vivado_projects\TCP_NEXYS4DDR\TCP_NEXYS4DDR.sdk\temp_xsdb_launch_script.tcl
20:32:30 INFO  : XSCT server has started successfully.
20:32:30 INFO  : Successfully done setting XSCT server connection channel  
20:32:30 INFO  : Successfully done setting SDK workspace  
20:32:33 INFO  : Registering command handlers for SDK TCF services
20:32:33 INFO  : Processing command line option -hwspec C:/vivado_projects/TCP_NEXYS4DDR/TCP_NEXYS4DDR.sdk/design_1_wrapper.hdf.
20:32:34 INFO  : Checking for hwspec changes in the project design_1_wrapper_hw_platform_0.
20:33:00 INFO  : 'targets -set -filter {jtag_cable_name =~ "Digilent Nexys4DDR 210292A4C746A" && level==0} -index 0' command is executed.
20:33:00 INFO  : 'fpga -state' command is executed.
20:33:00 INFO  : Connected to target on host '127.0.0.1' and port '3121'.
20:33:01 INFO  : Jtag cable 'Digilent Nexys4DDR 210292A4C746A' is selected.
20:33:01 INFO  : 'jtag frequency' command is executed.
20:33:01 INFO  : 'configparams mdm-detect-bscan-mask 2' command is executed.
20:33:01 INFO  : Context for processor 'microblaze_0' is selected.
20:33:01 INFO  : Processor reset is completed for 'microblaze_0'.
20:33:01 INFO  : Context for processor 'microblaze_0' is selected.
20:33:02 INFO  : The application 'C:/vivado_projects/TCP_NEXYS4DDR/TCP_NEXYS4DDR.sdk/echo_server/Debug/echo_server.elf' is downloaded to processor 'microblaze_0'.
20:33:02 INFO  : ----------------XSDB Script----------------
connect -url tcp:127.0.0.1:3121
configparams mdm-detect-bscan-mask 2
targets -set -nocase -filter {name =~ "microblaze*#0" && bscan=="USER2"  && jtag_cable_name =~ "Digilent Nexys4DDR 210292A4C746A"} -index 0
rst -processor
targets -set -nocase -filter {name =~ "microblaze*#0" && bscan=="USER2"  && jtag_cable_name =~ "Digilent Nexys4DDR 210292A4C746A"} -index 0
dow C:/vivado_projects/TCP_NEXYS4DDR/TCP_NEXYS4DDR.sdk/echo_server/Debug/echo_server.elf
----------------End of Script----------------

20:33:02 INFO  : Memory regions updated for context MicroBlaze #0
20:33:02 INFO  : Memory regions updated for context MicroBlaze Debug Module at USER2
20:33:03 INFO  : Context for processor 'microblaze_0' is selected.
20:33:03 INFO  : 'con' command is executed.
20:33:03 INFO  : ----------------XSDB Script (After Launch)----------------
targets -set -nocase -filter {name =~ "microblaze*#0" && bscan=="USER2"  && jtag_cable_name =~ "Digilent Nexys4DDR 210292A4C746A"} -index 0
con
----------------End of Script----------------

20:33:03 INFO  : Launch script is exported to file 'C:\vivado_projects\TCP_NEXYS4DDR\TCP_NEXYS4DDR.sdk\.sdk\launch_scripts\xilinx_c-c++_application_(system_debugger)\system_debugger_using_debug_echo_server.elf_on_local.tcl'
20:34:07 INFO  : Disconnected from the channel tcfchan#1.
20:34:08 INFO  : 'targets -set -filter {jtag_cable_name =~ "Digilent Nexys4DDR 210292A4C746A" && level==0} -index 0' command is executed.
20:34:08 INFO  : 'fpga -state' command is executed.
20:34:08 INFO  : Connected to target on host '127.0.0.1' and port '3121'.
20:34:08 INFO  : Jtag cable 'Digilent Nexys4DDR 210292A4C746A' is selected.
20:34:08 INFO  : 'jtag frequency' command is executed.
20:34:08 INFO  : 'configparams mdm-detect-bscan-mask 2' command is executed.
20:34:08 INFO  : Context for processor 'microblaze_0' is selected.
20:34:08 INFO  : Processor reset is completed for 'microblaze_0'.
20:34:08 INFO  : Context for processor 'microblaze_0' is selected.
20:34:09 INFO  : The application 'C:/vivado_projects/TCP_NEXYS4DDR/TCP_NEXYS4DDR.sdk/echo_server/Debug/echo_server.elf' is downloaded to processor 'microblaze_0'.
20:34:09 INFO  : ----------------XSDB Script----------------
connect -url tcp:127.0.0.1:3121
configparams mdm-detect-bscan-mask 2
targets -set -nocase -filter {name =~ "microblaze*#0" && bscan=="USER2"  && jtag_cable_name =~ "Digilent Nexys4DDR 210292A4C746A"} -index 0
rst -processor
targets -set -nocase -filter {name =~ "microblaze*#0" && bscan=="USER2"  && jtag_cable_name =~ "Digilent Nexys4DDR 210292A4C746A"} -index 0
dow C:/vivado_projects/TCP_NEXYS4DDR/TCP_NEXYS4DDR.sdk/echo_server/Debug/echo_server.elf
----------------End of Script----------------

20:34:09 INFO  : Memory regions updated for context MicroBlaze #0
20:34:09 INFO  : Memory regions updated for context MicroBlaze Debug Module at USER2
20:34:09 INFO  : Context for processor 'microblaze_0' is selected.
20:34:09 INFO  : 'con' command is executed.
20:34:09 INFO  : ----------------XSDB Script (After Launch)----------------
targets -set -nocase -filter {name =~ "microblaze*#0" && bscan=="USER2"  && jtag_cable_name =~ "Digilent Nexys4DDR 210292A4C746A"} -index 0
con
----------------End of Script----------------

20:34:09 INFO  : Launch script is exported to file 'C:\vivado_projects\TCP_NEXYS4DDR\TCP_NEXYS4DDR.sdk\.sdk\launch_scripts\xilinx_c-c++_application_(system_debugger)\system_debugger_using_debug_echo_server.elf_on_local.tcl'
20:43:18 INFO  : Disconnected from the channel tcfchan#2.
21:08:54 INFO  : Registering command handlers for SDK TCF services
21:08:55 INFO  : Launching XSCT server: xsct.bat -interactive C:\vivado_projects\TCP_NEXYS4DDR\TCP_NEXYS4DDR.sdk\temp_xsdb_launch_script.tcl
21:08:57 INFO  : XSCT server has started successfully.
21:08:57 INFO  : Successfully done setting XSCT server connection channel  
21:08:57 INFO  : Successfully done setting SDK workspace  
21:08:57 INFO  : Processing command line option -hwspec C:/vivado_projects/TCP_NEXYS4DDR/TCP_NEXYS4DDR.sdk/design_1_wrapper.hdf.
21:08:57 INFO  : Checking for hwspec changes in the project design_1_wrapper_hw_platform_0.
21:09:31 INFO  : Connected to target on host '127.0.0.1' and port '3121'.
21:09:31 INFO  : 'targets -set -filter {jtag_cable_name =~ "Digilent Nexys4DDR 210292A4C746A" && level==0} -index 0' command is executed.
21:09:33 INFO  : FPGA configured successfully with bitstream "C:/vivado_projects/TCP_NEXYS4DDR/TCP_NEXYS4DDR.sdk/design_1_wrapper_hw_platform_0/download.bit"
21:09:49 INFO  : 'targets -set -filter {jtag_cable_name =~ "Digilent Nexys4DDR 210292A4C746A" && level==0} -index 0' command is executed.
21:09:49 INFO  : 'fpga -state' command is executed.
21:09:49 INFO  : Connected to target on host '127.0.0.1' and port '3121'.
21:09:49 INFO  : Jtag cable 'Digilent Nexys4DDR 210292A4C746A' is selected.
21:09:49 INFO  : 'jtag frequency' command is executed.
21:09:49 INFO  : 'configparams mdm-detect-bscan-mask 2' command is executed.
21:09:49 INFO  : Context for processor 'microblaze_0' is selected.
21:09:49 INFO  : Processor reset is completed for 'microblaze_0'.
21:09:49 INFO  : Context for processor 'microblaze_0' is selected.
21:09:50 INFO  : The application 'C:/vivado_projects/TCP_NEXYS4DDR/TCP_NEXYS4DDR.sdk/echo_server/Debug/echo_server.elf' is downloaded to processor 'microblaze_0'.
21:09:50 INFO  : ----------------XSDB Script----------------
connect -url tcp:127.0.0.1:3121
configparams mdm-detect-bscan-mask 2
targets -set -nocase -filter {name =~ "microblaze*#0" && bscan=="USER2"  && jtag_cable_name =~ "Digilent Nexys4DDR 210292A4C746A"} -index 0
rst -processor
targets -set -nocase -filter {name =~ "microblaze*#0" && bscan=="USER2"  && jtag_cable_name =~ "Digilent Nexys4DDR 210292A4C746A"} -index 0
dow C:/vivado_projects/TCP_NEXYS4DDR/TCP_NEXYS4DDR.sdk/echo_server/Debug/echo_server.elf
----------------End of Script----------------

21:09:50 INFO  : Memory regions updated for context MicroBlaze #0
21:09:50 INFO  : Memory regions updated for context MicroBlaze Debug Module at USER2
21:09:50 INFO  : Context for processor 'microblaze_0' is selected.
21:09:50 INFO  : 'con' command is executed.
21:09:50 INFO  : ----------------XSDB Script (After Launch)----------------
targets -set -nocase -filter {name =~ "microblaze*#0" && bscan=="USER2"  && jtag_cable_name =~ "Digilent Nexys4DDR 210292A4C746A"} -index 0
con
----------------End of Script----------------

21:09:50 INFO  : Launch script is exported to file 'C:\vivado_projects\TCP_NEXYS4DDR\TCP_NEXYS4DDR.sdk\.sdk\launch_scripts\xilinx_c-c++_application_(system_debugger)\system_debugger_using_debug_echo_server.elf_on_local.tcl'
21:19:01 INFO  : Disconnected from the channel tcfchan#1.
21:19:02 INFO  : 'targets -set -filter {jtag_cable_name =~ "Digilent Nexys4DDR 210292A4C746A" && level==0} -index 0' command is executed.
21:19:02 INFO  : 'fpga -state' command is executed.
21:19:02 INFO  : Connected to target on host '127.0.0.1' and port '3121'.
21:19:02 INFO  : Jtag cable 'Digilent Nexys4DDR 210292A4C746A' is selected.
21:19:02 INFO  : 'jtag frequency' command is executed.
21:19:02 INFO  : 'configparams mdm-detect-bscan-mask 2' command is executed.
21:19:02 INFO  : Context for processor 'microblaze_0' is selected.
21:19:02 INFO  : Processor reset is completed for 'microblaze_0'.
21:19:02 INFO  : Context for processor 'microblaze_0' is selected.
21:19:02 INFO  : The application 'C:/vivado_projects/TCP_NEXYS4DDR/TCP_NEXYS4DDR.sdk/echo_server/Debug/echo_server.elf' is downloaded to processor 'microblaze_0'.
21:19:02 INFO  : ----------------XSDB Script----------------
connect -url tcp:127.0.0.1:3121
configparams mdm-detect-bscan-mask 2
targets -set -nocase -filter {name =~ "microblaze*#0" && bscan=="USER2"  && jtag_cable_name =~ "Digilent Nexys4DDR 210292A4C746A"} -index 0
rst -processor
targets -set -nocase -filter {name =~ "microblaze*#0" && bscan=="USER2"  && jtag_cable_name =~ "Digilent Nexys4DDR 210292A4C746A"} -index 0
dow C:/vivado_projects/TCP_NEXYS4DDR/TCP_NEXYS4DDR.sdk/echo_server/Debug/echo_server.elf
----------------End of Script----------------

21:19:03 INFO  : Memory regions updated for context MicroBlaze #0
21:19:03 INFO  : Memory regions updated for context MicroBlaze Debug Module at USER2
21:19:03 INFO  : Context for processor 'microblaze_0' is selected.
21:19:03 INFO  : 'con' command is executed.
21:19:03 INFO  : ----------------XSDB Script (After Launch)----------------
targets -set -nocase -filter {name =~ "microblaze*#0" && bscan=="USER2"  && jtag_cable_name =~ "Digilent Nexys4DDR 210292A4C746A"} -index 0
con
----------------End of Script----------------

21:19:03 INFO  : Launch script is exported to file 'C:\vivado_projects\TCP_NEXYS4DDR\TCP_NEXYS4DDR.sdk\.sdk\launch_scripts\xilinx_c-c++_application_(system_debugger)\system_debugger_using_debug_echo_server.elf_on_local.tcl'
21:19:35 INFO  : Disconnected from the channel tcfchan#2.
21:19:36 INFO  : 'targets -set -filter {jtag_cable_name =~ "Digilent Nexys4DDR 210292A4C746A" && level==0} -index 0' command is executed.
21:19:36 INFO  : 'fpga -state' command is executed.
21:19:36 INFO  : Connected to target on host '127.0.0.1' and port '3121'.
21:19:36 INFO  : Jtag cable 'Digilent Nexys4DDR 210292A4C746A' is selected.
21:19:36 INFO  : 'jtag frequency' command is executed.
21:19:36 INFO  : 'configparams mdm-detect-bscan-mask 2' command is executed.
21:19:36 INFO  : Context for processor 'microblaze_0' is selected.
21:19:36 INFO  : Processor reset is completed for 'microblaze_0'.
21:19:36 INFO  : Context for processor 'microblaze_0' is selected.
21:19:37 INFO  : The application 'C:/vivado_projects/TCP_NEXYS4DDR/TCP_NEXYS4DDR.sdk/echo_server/Debug/echo_server.elf' is downloaded to processor 'microblaze_0'.
21:19:37 INFO  : ----------------XSDB Script----------------
connect -url tcp:127.0.0.1:3121
configparams mdm-detect-bscan-mask 2
targets -set -nocase -filter {name =~ "microblaze*#0" && bscan=="USER2"  && jtag_cable_name =~ "Digilent Nexys4DDR 210292A4C746A"} -index 0
rst -processor
targets -set -nocase -filter {name =~ "microblaze*#0" && bscan=="USER2"  && jtag_cable_name =~ "Digilent Nexys4DDR 210292A4C746A"} -index 0
dow C:/vivado_projects/TCP_NEXYS4DDR/TCP_NEXYS4DDR.sdk/echo_server/Debug/echo_server.elf
----------------End of Script----------------

21:19:37 INFO  : Memory regions updated for context MicroBlaze #0
21:19:37 INFO  : Memory regions updated for context MicroBlaze Debug Module at USER2
21:19:37 INFO  : Context for processor 'microblaze_0' is selected.
21:19:37 INFO  : 'con' command is executed.
21:19:37 INFO  : ----------------XSDB Script (After Launch)----------------
targets -set -nocase -filter {name =~ "microblaze*#0" && bscan=="USER2"  && jtag_cable_name =~ "Digilent Nexys4DDR 210292A4C746A"} -index 0
con
----------------End of Script----------------

21:19:37 INFO  : Launch script is exported to file 'C:\vivado_projects\TCP_NEXYS4DDR\TCP_NEXYS4DDR.sdk\.sdk\launch_scripts\xilinx_c-c++_application_(system_debugger)\system_debugger_using_debug_echo_server.elf_on_local.tcl'
21:23:11 INFO  : Disconnected from the channel tcfchan#3.
21:23:12 INFO  : 'targets -set -filter {jtag_cable_name =~ "Digilent Nexys4DDR 210292A4C746A" && level==0} -index 0' command is executed.
21:23:12 INFO  : 'fpga -state' command is executed.
21:23:12 INFO  : Connected to target on host '127.0.0.1' and port '3121'.
21:23:12 INFO  : Jtag cable 'Digilent Nexys4DDR 210292A4C746A' is selected.
21:23:12 INFO  : 'jtag frequency' command is executed.
21:23:12 INFO  : 'configparams mdm-detect-bscan-mask 2' command is executed.
21:23:12 INFO  : Context for processor 'microblaze_0' is selected.
21:23:12 INFO  : Processor reset is completed for 'microblaze_0'.
21:23:12 INFO  : Context for processor 'microblaze_0' is selected.
21:23:13 INFO  : The application 'C:/vivado_projects/TCP_NEXYS4DDR/TCP_NEXYS4DDR.sdk/echo_server/Debug/echo_server.elf' is downloaded to processor 'microblaze_0'.
21:23:13 INFO  : ----------------XSDB Script----------------
connect -url tcp:127.0.0.1:3121
configparams mdm-detect-bscan-mask 2
targets -set -nocase -filter {name =~ "microblaze*#0" && bscan=="USER2"  && jtag_cable_name =~ "Digilent Nexys4DDR 210292A4C746A"} -index 0
rst -processor
targets -set -nocase -filter {name =~ "microblaze*#0" && bscan=="USER2"  && jtag_cable_name =~ "Digilent Nexys4DDR 210292A4C746A"} -index 0
dow C:/vivado_projects/TCP_NEXYS4DDR/TCP_NEXYS4DDR.sdk/echo_server/Debug/echo_server.elf
----------------End of Script----------------

21:23:13 INFO  : Memory regions updated for context MicroBlaze #0
21:23:13 INFO  : Memory regions updated for context MicroBlaze Debug Module at USER2
21:23:13 INFO  : Context for processor 'microblaze_0' is selected.
21:23:13 INFO  : 'con' command is executed.
21:23:13 INFO  : ----------------XSDB Script (After Launch)----------------
targets -set -nocase -filter {name =~ "microblaze*#0" && bscan=="USER2"  && jtag_cable_name =~ "Digilent Nexys4DDR 210292A4C746A"} -index 0
con
----------------End of Script----------------

21:23:13 INFO  : Launch script is exported to file 'C:\vivado_projects\TCP_NEXYS4DDR\TCP_NEXYS4DDR.sdk\.sdk\launch_scripts\xilinx_c-c++_application_(system_debugger)\system_debugger_using_debug_echo_server.elf_on_local.tcl'
21:23:56 INFO  : No changes in MSS file content so not generating sources.
21:25:29 INFO  : Disconnected from the channel tcfchan#4.
21:25:31 INFO  : 'targets -set -filter {jtag_cable_name =~ "Digilent Nexys4DDR 210292A4C746A" && level==0} -index 0' command is executed.
21:25:31 INFO  : 'fpga -state' command is executed.
21:25:31 INFO  : Connected to target on host '127.0.0.1' and port '3121'.
21:25:31 INFO  : Jtag cable 'Digilent Nexys4DDR 210292A4C746A' is selected.
21:25:31 INFO  : 'jtag frequency' command is executed.
21:25:31 INFO  : 'configparams mdm-detect-bscan-mask 2' command is executed.
21:25:31 INFO  : Context for processor 'microblaze_0' is selected.
21:25:31 INFO  : Processor reset is completed for 'microblaze_0'.
21:25:31 INFO  : Context for processor 'microblaze_0' is selected.
21:25:31 INFO  : The application 'C:/vivado_projects/TCP_NEXYS4DDR/TCP_NEXYS4DDR.sdk/echo_server/Debug/echo_server.elf' is downloaded to processor 'microblaze_0'.
21:25:31 INFO  : ----------------XSDB Script----------------
connect -url tcp:127.0.0.1:3121
configparams mdm-detect-bscan-mask 2
targets -set -nocase -filter {name =~ "microblaze*#0" && bscan=="USER2"  && jtag_cable_name =~ "Digilent Nexys4DDR 210292A4C746A"} -index 0
rst -processor
targets -set -nocase -filter {name =~ "microblaze*#0" && bscan=="USER2"  && jtag_cable_name =~ "Digilent Nexys4DDR 210292A4C746A"} -index 0
dow C:/vivado_projects/TCP_NEXYS4DDR/TCP_NEXYS4DDR.sdk/echo_server/Debug/echo_server.elf
----------------End of Script----------------

21:25:31 INFO  : Memory regions updated for context MicroBlaze #0
21:25:31 INFO  : Memory regions updated for context MicroBlaze Debug Module at USER2
21:25:31 INFO  : Context for processor 'microblaze_0' is selected.
21:25:31 INFO  : 'con' command is executed.
21:25:31 INFO  : ----------------XSDB Script (After Launch)----------------
targets -set -nocase -filter {name =~ "microblaze*#0" && bscan=="USER2"  && jtag_cable_name =~ "Digilent Nexys4DDR 210292A4C746A"} -index 0
con
----------------End of Script----------------

21:25:31 INFO  : Launch script is exported to file 'C:\vivado_projects\TCP_NEXYS4DDR\TCP_NEXYS4DDR.sdk\.sdk\launch_scripts\xilinx_c-c++_application_(system_debugger)\system_debugger_using_debug_echo_server.elf_on_local.tcl'
21:25:56 INFO  : Disconnected from the channel tcfchan#5.
21:26:59 INFO  : Registering command handlers for SDK TCF services
21:27:01 INFO  : Launching XSCT server: xsct.bat -interactive C:\vivado_projects\TCP_NEXYS4DDR\TCP_NEXYS4DDR.sdk\temp_xsdb_launch_script.tcl
21:27:05 INFO  : XSCT server has started successfully.
21:27:09 INFO  : Successfully done setting XSCT server connection channel  
21:27:09 INFO  : Successfully done setting SDK workspace  
21:27:09 INFO  : Processing command line option -hwspec C:/vivado_projects/TCP_NEXYS4DDR/TCP_NEXYS4DDR.sdk/design_1_wrapper.hdf.
21:27:09 INFO  : Checking for hwspec changes in the project design_1_wrapper_hw_platform_0.
21:27:32 INFO  : 'targets -set -filter {jtag_cable_name =~ "Digilent Nexys4DDR 210292A4C746A" && level==0} -index 0' command is executed.
21:27:32 INFO  : 'fpga -state' command is executed.
21:27:32 INFO  : Connected to target on host '127.0.0.1' and port '3121'.
21:27:32 INFO  : Jtag cable 'Digilent Nexys4DDR 210292A4C746A' is selected.
21:27:32 INFO  : 'jtag frequency' command is executed.
21:27:32 INFO  : 'configparams mdm-detect-bscan-mask 2' command is executed.
21:27:32 INFO  : Context for processor 'microblaze_0' is selected.
21:27:32 INFO  : Processor reset is completed for 'microblaze_0'.
21:27:32 INFO  : Context for processor 'microblaze_0' is selected.
21:27:33 INFO  : The application 'C:/vivado_projects/TCP_NEXYS4DDR/TCP_NEXYS4DDR.sdk/echo_server/Debug/echo_server.elf' is downloaded to processor 'microblaze_0'.
21:27:33 INFO  : ----------------XSDB Script----------------
connect -url tcp:127.0.0.1:3121
configparams mdm-detect-bscan-mask 2
targets -set -nocase -filter {name =~ "microblaze*#0" && bscan=="USER2"  && jtag_cable_name =~ "Digilent Nexys4DDR 210292A4C746A"} -index 0
rst -processor
targets -set -nocase -filter {name =~ "microblaze*#0" && bscan=="USER2"  && jtag_cable_name =~ "Digilent Nexys4DDR 210292A4C746A"} -index 0
dow C:/vivado_projects/TCP_NEXYS4DDR/TCP_NEXYS4DDR.sdk/echo_server/Debug/echo_server.elf
----------------End of Script----------------

21:27:33 INFO  : Memory regions updated for context MicroBlaze #0
21:27:33 INFO  : Memory regions updated for context MicroBlaze Debug Module at USER2
21:27:33 INFO  : Context for processor 'microblaze_0' is selected.
21:27:33 INFO  : 'con' command is executed.
21:27:33 INFO  : ----------------XSDB Script (After Launch)----------------
targets -set -nocase -filter {name =~ "microblaze*#0" && bscan=="USER2"  && jtag_cable_name =~ "Digilent Nexys4DDR 210292A4C746A"} -index 0
con
----------------End of Script----------------

21:27:33 INFO  : Launch script is exported to file 'C:\vivado_projects\TCP_NEXYS4DDR\TCP_NEXYS4DDR.sdk\.sdk\launch_scripts\xilinx_c-c++_application_(system_debugger)\system_debugger_using_debug_echo_server.elf_on_local.tcl'
21:28:14 INFO  : Disconnected from the channel tcfchan#1.
21:31:10 INFO  : Registering command handlers for SDK TCF services
21:31:10 INFO  : Launching XSCT server: xsct.bat -interactive C:\vivado_projects\TCP_NEXYS4DDR\TCP_NEXYS4DDR.sdk\temp_xsdb_launch_script.tcl
21:31:12 INFO  : XSCT server has started successfully.
21:31:12 INFO  : Successfully done setting XSCT server connection channel  
21:31:12 INFO  : Successfully done setting SDK workspace  
21:31:12 INFO  : Processing command line option -hwspec C:/vivado_projects/TCP_NEXYS4DDR/TCP_NEXYS4DDR.sdk/design_1_wrapper.hdf.
21:31:12 INFO  : Checking for hwspec changes in the project design_1_wrapper_hw_platform_0.
21:31:14 INFO  : SDK has detected change in the last modified timestamps for source hardware specification file Source:1760034616328,  Project:1760029961825
21:31:14 INFO  : The hardware specification for project 'design_1_wrapper_hw_platform_0' is different from C:/vivado_projects/TCP_NEXYS4DDR/TCP_NEXYS4DDR.sdk/design_1_wrapper.hdf.
21:31:14 INFO  : Copied contents of C:/vivado_projects/TCP_NEXYS4DDR/TCP_NEXYS4DDR.sdk/design_1_wrapper.hdf into \design_1_wrapper_hw_platform_0\system.hdf.
21:31:15 INFO  : Synchronizing projects in the workspace with the hardware platform specification changes.
21:31:17 INFO  : 
21:31:18 INFO  : Updating hardware inferred compiler options for echo_server.
21:31:18 INFO  : Clearing existing target manager status.
21:32:25 INFO  : Refreshed build settings on project echo_server
21:35:43 INFO  : 'targets -set -filter {jtag_cable_name =~ "Digilent Nexys4DDR 210292A4C746A" && level==0} -index 0' command is executed.
21:35:43 INFO  : 'fpga -state' command is executed.
21:35:43 INFO  : Connected to target on host '127.0.0.1' and port '3121'.
21:35:43 INFO  : Jtag cable 'Digilent Nexys4DDR 210292A4C746A' is selected.
21:35:43 INFO  : 'jtag frequency' command is executed.
21:35:43 INFO  : 'configparams mdm-detect-bscan-mask 2' command is executed.
21:35:43 INFO  : Context for processor 'microblaze_0' is selected.
21:35:43 INFO  : Processor reset is completed for 'microblaze_0'.
21:35:43 INFO  : Context for processor 'microblaze_0' is selected.
21:35:44 INFO  : The application 'C:/vivado_projects/TCP_NEXYS4DDR/TCP_NEXYS4DDR.sdk/echo_server/Debug/echo_server.elf' is downloaded to processor 'microblaze_0'.
21:35:44 INFO  : ----------------XSDB Script----------------
connect -url tcp:127.0.0.1:3121
configparams mdm-detect-bscan-mask 2
targets -set -nocase -filter {name =~ "microblaze*#0" && bscan=="USER2"  && jtag_cable_name =~ "Digilent Nexys4DDR 210292A4C746A"} -index 0
rst -processor
targets -set -nocase -filter {name =~ "microblaze*#0" && bscan=="USER2"  && jtag_cable_name =~ "Digilent Nexys4DDR 210292A4C746A"} -index 0
dow C:/vivado_projects/TCP_NEXYS4DDR/TCP_NEXYS4DDR.sdk/echo_server/Debug/echo_server.elf
----------------End of Script----------------

21:35:44 INFO  : Memory regions updated for context MicroBlaze #0
21:35:44 INFO  : Memory regions updated for context MicroBlaze Debug Module at USER2
21:35:44 INFO  : Context for processor 'microblaze_0' is selected.
21:35:44 INFO  : 'con' command is executed.
21:35:44 INFO  : ----------------XSDB Script (After Launch)----------------
targets -set -nocase -filter {name =~ "microblaze*#0" && bscan=="USER2"  && jtag_cable_name =~ "Digilent Nexys4DDR 210292A4C746A"} -index 0
con
----------------End of Script----------------

21:35:44 INFO  : Launch script is exported to file 'C:\vivado_projects\TCP_NEXYS4DDR\TCP_NEXYS4DDR.sdk\.sdk\launch_scripts\xilinx_c-c++_application_(system_debugger)\system_debugger_using_debug_echo_server.elf_on_local.tcl'
21:36:42 INFO  : Disconnected from the channel tcfchan#1.
21:36:43 INFO  : 'targets -set -filter {jtag_cable_name =~ "Digilent Nexys4DDR 210292A4C746A" && level==0} -index 0' command is executed.
21:36:43 INFO  : 'fpga -state' command is executed.
21:36:43 INFO  : Connected to target on host '127.0.0.1' and port '3121'.
21:36:43 INFO  : Jtag cable 'Digilent Nexys4DDR 210292A4C746A' is selected.
21:36:43 INFO  : 'jtag frequency' command is executed.
21:36:43 INFO  : 'configparams mdm-detect-bscan-mask 2' command is executed.
21:36:43 INFO  : Context for processor 'microblaze_0' is selected.
21:36:43 INFO  : Processor reset is completed for 'microblaze_0'.
21:36:43 INFO  : Context for processor 'microblaze_0' is selected.
21:36:44 INFO  : The application 'C:/vivado_projects/TCP_NEXYS4DDR/TCP_NEXYS4DDR.sdk/echo_server/Debug/echo_server.elf' is downloaded to processor 'microblaze_0'.
21:36:44 INFO  : ----------------XSDB Script----------------
connect -url tcp:127.0.0.1:3121
configparams mdm-detect-bscan-mask 2
targets -set -nocase -filter {name =~ "microblaze*#0" && bscan=="USER2"  && jtag_cable_name =~ "Digilent Nexys4DDR 210292A4C746A"} -index 0
rst -processor
targets -set -nocase -filter {name =~ "microblaze*#0" && bscan=="USER2"  && jtag_cable_name =~ "Digilent Nexys4DDR 210292A4C746A"} -index 0
dow C:/vivado_projects/TCP_NEXYS4DDR/TCP_NEXYS4DDR.sdk/echo_server/Debug/echo_server.elf
----------------End of Script----------------

21:36:44 INFO  : Memory regions updated for context MicroBlaze #0
21:36:44 INFO  : Memory regions updated for context MicroBlaze Debug Module at USER2
21:36:44 INFO  : Context for processor 'microblaze_0' is selected.
21:36:44 INFO  : 'con' command is executed.
21:36:44 INFO  : ----------------XSDB Script (After Launch)----------------
targets -set -nocase -filter {name =~ "microblaze*#0" && bscan=="USER2"  && jtag_cable_name =~ "Digilent Nexys4DDR 210292A4C746A"} -index 0
con
----------------End of Script----------------

21:36:44 INFO  : Launch script is exported to file 'C:\vivado_projects\TCP_NEXYS4DDR\TCP_NEXYS4DDR.sdk\.sdk\launch_scripts\xilinx_c-c++_application_(system_debugger)\system_debugger_using_debug_echo_server.elf_on_local.tcl'
21:38:05 INFO  : 'targets -set -filter {jtag_cable_name =~ "Digilent Nexys4DDR 210292A4C746A" && level==0} -index 0' command is executed.
21:38:05 INFO  : 'fpga -state' command is executed.
21:38:05 INFO  : Connected to target on host '127.0.0.1' and port '3121'.
21:38:05 INFO  : Jtag cable 'Digilent Nexys4DDR 210292A4C746A' is selected.
21:38:05 INFO  : 'jtag frequency' command is executed.
21:38:05 INFO  : 'configparams mdm-detect-bscan-mask 2' command is executed.
21:38:05 INFO  : Context for processor 'microblaze_0' is selected.
21:38:05 INFO  : Processor reset is completed for 'microblaze_0'.
21:38:05 INFO  : Context for processor 'microblaze_0' is selected.
21:38:06 INFO  : The application 'C:/vivado_projects/TCP_NEXYS4DDR/TCP_NEXYS4DDR.sdk/echo_server/Debug/echo_server.elf' is downloaded to processor 'microblaze_0'.
21:38:06 INFO  : ----------------XSDB Script----------------
connect -url tcp:127.0.0.1:3121
configparams mdm-detect-bscan-mask 2
targets -set -nocase -filter {name =~ "microblaze*#0" && bscan=="USER2"  && jtag_cable_name =~ "Digilent Nexys4DDR 210292A4C746A"} -index 0
rst -processor
targets -set -nocase -filter {name =~ "microblaze*#0" && bscan=="USER2"  && jtag_cable_name =~ "Digilent Nexys4DDR 210292A4C746A"} -index 0
dow C:/vivado_projects/TCP_NEXYS4DDR/TCP_NEXYS4DDR.sdk/echo_server/Debug/echo_server.elf
----------------End of Script----------------

21:38:06 INFO  : Context for processor 'microblaze_0' is selected.
21:38:06 INFO  : 'con' command is executed.
21:38:06 INFO  : ----------------XSDB Script (After Launch)----------------
targets -set -nocase -filter {name =~ "microblaze*#0" && bscan=="USER2"  && jtag_cable_name =~ "Digilent Nexys4DDR 210292A4C746A"} -index 0
con
----------------End of Script----------------

21:38:06 INFO  : Disconnected from the channel tcfchan#2.
21:41:45 INFO  : Connected to target on host '127.0.0.1' and port '3121'.
21:41:45 INFO  : 'targets -set -filter {jtag_cable_name =~ "Digilent Nexys4DDR 210292A4C746A" && level==0} -index 0' command is executed.
21:41:47 INFO  : FPGA configured successfully with bitstream "C:/vivado_projects/TCP_NEXYS4DDR/TCP_NEXYS4DDR.sdk/design_1_wrapper_hw_platform_0/download.bit"
21:42:16 INFO  : Connected to target on host '127.0.0.1' and port '3121'.
21:42:16 INFO  : Jtag cable 'Digilent Nexys4DDR 210292A4C746A' is selected.
21:42:16 INFO  : 'jtag frequency' command is executed.
21:42:16 INFO  : 'targets -set -filter {jtag_cable_name =~ "Digilent Nexys4DDR 210292A4C746A" && level==0} -index 0' command is executed.
21:42:18 INFO  : FPGA configured successfully with bitstream "C:/vivado_projects/TCP_NEXYS4DDR/TCP_NEXYS4DDR.sdk/design_1_wrapper_hw_platform_0/design_1_wrapper.bit"
21:42:18 INFO  : 'configparams mdm-detect-bscan-mask 2' command is executed.
21:42:18 INFO  : Context for processor 'microblaze_0' is selected.
21:42:18 INFO  : Processor reset is completed for 'microblaze_0'.
21:42:18 INFO  : Context for processor 'microblaze_0' is selected.
21:42:19 INFO  : The application 'C:/vivado_projects/TCP_NEXYS4DDR/TCP_NEXYS4DDR.sdk/echo_server/Debug/echo_server.elf' is downloaded to processor 'microblaze_0'.
21:42:19 INFO  : ----------------XSDB Script----------------
connect -url tcp:127.0.0.1:3121
targets -set -filter {jtag_cable_name =~ "Digilent Nexys4DDR 210292A4C746A" && level==0} -index 0
fpga -file C:/vivado_projects/TCP_NEXYS4DDR/TCP_NEXYS4DDR.sdk/design_1_wrapper_hw_platform_0/design_1_wrapper.bit
configparams mdm-detect-bscan-mask 2
targets -set -nocase -filter {name =~ "microblaze*#0" && bscan=="USER2"  && jtag_cable_name =~ "Digilent Nexys4DDR 210292A4C746A"} -index 0
rst -processor
targets -set -nocase -filter {name =~ "microblaze*#0" && bscan=="USER2"  && jtag_cable_name =~ "Digilent Nexys4DDR 210292A4C746A"} -index 0
dow C:/vivado_projects/TCP_NEXYS4DDR/TCP_NEXYS4DDR.sdk/echo_server/Debug/echo_server.elf
----------------End of Script----------------

21:42:19 INFO  : Context for processor 'microblaze_0' is selected.
21:42:19 INFO  : 'con' command is executed.
21:42:19 INFO  : ----------------XSDB Script (After Launch)----------------
targets -set -nocase -filter {name =~ "microblaze*#0" && bscan=="USER2"  && jtag_cable_name =~ "Digilent Nexys4DDR 210292A4C746A"} -index 0
con
----------------End of Script----------------

21:42:19 INFO  : Disconnected from the channel tcfchan#3.
21:47:46 INFO  : Connected to target on host '127.0.0.1' and port '3121'.
21:47:46 INFO  : Jtag cable 'Digilent Nexys4DDR 210292A4C746A' is selected.
21:47:46 INFO  : 'jtag frequency' command is executed.
21:47:46 INFO  : 'targets -set -filter {jtag_cable_name =~ "Digilent Nexys4DDR 210292A4C746A" && level==0} -index 0' command is executed.
21:47:48 INFO  : FPGA configured successfully with bitstream "C:/vivado_projects/TCP_NEXYS4DDR/TCP_NEXYS4DDR.sdk/design_1_wrapper_hw_platform_0/design_1_wrapper.bit"
21:47:48 INFO  : 'configparams mdm-detect-bscan-mask 2' command is executed.
21:47:48 INFO  : Context for processor 'microblaze_0' is selected.
21:47:48 INFO  : Processor reset is completed for 'microblaze_0'.
21:47:48 INFO  : Context for processor 'microblaze_0' is selected.
21:47:49 INFO  : The application 'C:/vivado_projects/TCP_NEXYS4DDR/TCP_NEXYS4DDR.sdk/echo_server/Debug/echo_server.elf' is downloaded to processor 'microblaze_0'.
21:47:49 INFO  : ----------------XSDB Script----------------
connect -url tcp:127.0.0.1:3121
targets -set -filter {jtag_cable_name =~ "Digilent Nexys4DDR 210292A4C746A" && level==0} -index 0
fpga -file C:/vivado_projects/TCP_NEXYS4DDR/TCP_NEXYS4DDR.sdk/design_1_wrapper_hw_platform_0/design_1_wrapper.bit
configparams mdm-detect-bscan-mask 2
targets -set -nocase -filter {name =~ "microblaze*#0" && bscan=="USER2"  && jtag_cable_name =~ "Digilent Nexys4DDR 210292A4C746A"} -index 0
rst -processor
targets -set -nocase -filter {name =~ "microblaze*#0" && bscan=="USER2"  && jtag_cable_name =~ "Digilent Nexys4DDR 210292A4C746A"} -index 0
dow C:/vivado_projects/TCP_NEXYS4DDR/TCP_NEXYS4DDR.sdk/echo_server/Debug/echo_server.elf
----------------End of Script----------------

21:47:49 INFO  : Context for processor 'microblaze_0' is selected.
21:47:49 INFO  : 'con' command is executed.
21:47:49 INFO  : ----------------XSDB Script (After Launch)----------------
targets -set -nocase -filter {name =~ "microblaze*#0" && bscan=="USER2"  && jtag_cable_name =~ "Digilent Nexys4DDR 210292A4C746A"} -index 0
con
----------------End of Script----------------

21:47:49 INFO  : Disconnected from the channel tcfchan#4.
23:32:48 WARN  : channel "tcfchan#2" closed
21:20:33 INFO  : Launching XSCT server: xsct.bat -interactive C:\vivado_projects\TCP_NEXYS4DDR\TCP_NEXYS4DDR.sdk\temp_xsdb_launch_script.tcl
21:20:39 INFO  : XSCT server has started successfully.
21:20:39 INFO  : Successfully done setting XSCT server connection channel  
21:20:48 INFO  : Successfully done setting SDK workspace  
21:21:01 INFO  : Registering command handlers for SDK TCF services
21:21:01 INFO  : Processing command line option -hwspec C:/vivado_projects/TCP_NEXYS4DDR/TCP_NEXYS4DDR.sdk/design_1_wrapper.hdf.
21:21:02 INFO  : Checking for hwspec changes in the project design_1_wrapper_hw_platform_0.
21:22:49 INFO  : Connected to target on host '127.0.0.1' and port '3121'.
21:22:50 INFO  : Jtag cable 'Digilent Nexys4DDR 210292A4C746A' is selected.
21:22:50 INFO  : 'jtag frequency' command is executed.
21:22:51 INFO  : 'targets -set -filter {jtag_cable_name =~ "Digilent Nexys4DDR 210292A4C746A" && level==0} -index 0' command is executed.
21:22:53 INFO  : FPGA configured successfully with bitstream "C:/vivado_projects/TCP_NEXYS4DDR/TCP_NEXYS4DDR.sdk/design_1_wrapper_hw_platform_0/design_1_wrapper.bit"
21:22:53 INFO  : 'configparams mdm-detect-bscan-mask 2' command is executed.
21:22:54 INFO  : Context for processor 'microblaze_0' is selected.
21:22:54 INFO  : Processor reset is completed for 'microblaze_0'.
21:22:55 INFO  : Context for processor 'microblaze_0' is selected.
21:22:56 INFO  : The application 'C:/vivado_projects/TCP_NEXYS4DDR/TCP_NEXYS4DDR.sdk/echo_server/Debug/echo_server.elf' is downloaded to processor 'microblaze_0'.
21:22:56 INFO  : ----------------XSDB Script----------------
connect -url tcp:127.0.0.1:3121
targets -set -filter {jtag_cable_name =~ "Digilent Nexys4DDR 210292A4C746A" && level==0} -index 0
fpga -file C:/vivado_projects/TCP_NEXYS4DDR/TCP_NEXYS4DDR.sdk/design_1_wrapper_hw_platform_0/design_1_wrapper.bit
configparams mdm-detect-bscan-mask 2
targets -set -nocase -filter {name =~ "microblaze*#0" && bscan=="USER2"  && jtag_cable_name =~ "Digilent Nexys4DDR 210292A4C746A"} -index 0
rst -processor
targets -set -nocase -filter {name =~ "microblaze*#0" && bscan=="USER2"  && jtag_cable_name =~ "Digilent Nexys4DDR 210292A4C746A"} -index 0
dow C:/vivado_projects/TCP_NEXYS4DDR/TCP_NEXYS4DDR.sdk/echo_server/Debug/echo_server.elf
----------------End of Script----------------

21:22:57 INFO  : Context for processor 'microblaze_0' is selected.
21:22:57 INFO  : 'con' command is executed.
21:22:57 INFO  : ----------------XSDB Script (After Launch)----------------
targets -set -nocase -filter {name =~ "microblaze*#0" && bscan=="USER2"  && jtag_cable_name =~ "Digilent Nexys4DDR 210292A4C746A"} -index 0
con
----------------End of Script----------------

21:22:57 INFO  : Disconnected from the channel tcfchan#1.
22:47:48 INFO  : Connected to target on host '127.0.0.1' and port '3121'.
22:47:49 INFO  : Jtag cable 'Digilent Nexys4DDR 210292A4C746A' is selected.
22:47:49 INFO  : 'jtag frequency' command is executed.
22:47:50 INFO  : 'targets -set -filter {jtag_cable_name =~ "Digilent Nexys4DDR 210292A4C746A" && level==0} -index 0' command is executed.
22:47:53 INFO  : FPGA configured successfully with bitstream "C:/vivado_projects/TCP_NEXYS4DDR/TCP_NEXYS4DDR.sdk/design_1_wrapper_hw_platform_0/design_1_wrapper.bit"
22:47:53 INFO  : 'configparams mdm-detect-bscan-mask 2' command is executed.
22:47:53 INFO  : Context for processor 'microblaze_0' is selected.
22:47:53 INFO  : Processor reset is completed for 'microblaze_0'.
22:47:53 INFO  : Context for processor 'microblaze_0' is selected.
22:47:54 INFO  : The application 'C:/vivado_projects/TCP_NEXYS4DDR/TCP_NEXYS4DDR.sdk/echo_server/Debug/echo_server.elf' is downloaded to processor 'microblaze_0'.
22:47:54 INFO  : ----------------XSDB Script----------------
connect -url tcp:127.0.0.1:3121
targets -set -filter {jtag_cable_name =~ "Digilent Nexys4DDR 210292A4C746A" && level==0} -index 0
fpga -file C:/vivado_projects/TCP_NEXYS4DDR/TCP_NEXYS4DDR.sdk/design_1_wrapper_hw_platform_0/design_1_wrapper.bit
configparams mdm-detect-bscan-mask 2
targets -set -nocase -filter {name =~ "microblaze*#0" && bscan=="USER2"  && jtag_cable_name =~ "Digilent Nexys4DDR 210292A4C746A"} -index 0
rst -processor
targets -set -nocase -filter {name =~ "microblaze*#0" && bscan=="USER2"  && jtag_cable_name =~ "Digilent Nexys4DDR 210292A4C746A"} -index 0
dow C:/vivado_projects/TCP_NEXYS4DDR/TCP_NEXYS4DDR.sdk/echo_server/Debug/echo_server.elf
----------------End of Script----------------

22:47:55 INFO  : Context for processor 'microblaze_0' is selected.
22:47:55 INFO  : 'con' command is executed.
22:47:55 INFO  : ----------------XSDB Script (After Launch)----------------
targets -set -nocase -filter {name =~ "microblaze*#0" && bscan=="USER2"  && jtag_cable_name =~ "Digilent Nexys4DDR 210292A4C746A"} -index 0
con
----------------End of Script----------------

22:47:55 INFO  : Disconnected from the channel tcfchan#2.
22:54:31 INFO  : Connected to target on host '127.0.0.1' and port '3121'.
22:54:32 INFO  : Jtag cable 'Digilent Nexys4DDR 210292A4C746A' is selected.
22:54:32 INFO  : 'jtag frequency' command is executed.
22:54:33 INFO  : 'targets -set -filter {jtag_cable_name =~ "Digilent Nexys4DDR 210292A4C746A" && level==0} -index 0' command is executed.
22:54:35 INFO  : FPGA configured successfully with bitstream "C:/vivado_projects/TCP_NEXYS4DDR/TCP_NEXYS4DDR.sdk/design_1_wrapper_hw_platform_0/design_1_wrapper.bit"
22:54:35 INFO  : 'configparams mdm-detect-bscan-mask 2' command is executed.
22:54:36 INFO  : Context for processor 'microblaze_0' is selected.
22:54:36 INFO  : Processor reset is completed for 'microblaze_0'.
22:54:36 INFO  : Context for processor 'microblaze_0' is selected.
22:54:37 INFO  : The application 'C:/vivado_projects/TCP_NEXYS4DDR/TCP_NEXYS4DDR.sdk/echo_server/Debug/echo_server.elf' is downloaded to processor 'microblaze_0'.
22:54:37 INFO  : ----------------XSDB Script----------------
connect -url tcp:127.0.0.1:3121
targets -set -filter {jtag_cable_name =~ "Digilent Nexys4DDR 210292A4C746A" && level==0} -index 0
fpga -file C:/vivado_projects/TCP_NEXYS4DDR/TCP_NEXYS4DDR.sdk/design_1_wrapper_hw_platform_0/design_1_wrapper.bit
configparams mdm-detect-bscan-mask 2
targets -set -nocase -filter {name =~ "microblaze*#0" && bscan=="USER2"  && jtag_cable_name =~ "Digilent Nexys4DDR 210292A4C746A"} -index 0
rst -processor
targets -set -nocase -filter {name =~ "microblaze*#0" && bscan=="USER2"  && jtag_cable_name =~ "Digilent Nexys4DDR 210292A4C746A"} -index 0
dow C:/vivado_projects/TCP_NEXYS4DDR/TCP_NEXYS4DDR.sdk/echo_server/Debug/echo_server.elf
----------------End of Script----------------

22:54:38 INFO  : Context for processor 'microblaze_0' is selected.
22:54:38 INFO  : 'con' command is executed.
22:54:38 INFO  : ----------------XSDB Script (After Launch)----------------
targets -set -nocase -filter {name =~ "microblaze*#0" && bscan=="USER2"  && jtag_cable_name =~ "Digilent Nexys4DDR 210292A4C746A"} -index 0
con
----------------End of Script----------------

22:54:38 INFO  : Disconnected from the channel tcfchan#3.
22:57:37 INFO  : Connected to target on host '127.0.0.1' and port '3121'.
22:57:38 INFO  : Jtag cable 'Digilent Nexys4DDR 210292A4C746A' is selected.
22:57:38 INFO  : 'jtag frequency' command is executed.
22:57:39 INFO  : 'targets -set -filter {jtag_cable_name =~ "Digilent Nexys4DDR 210292A4C746A" && level==0} -index 0' command is executed.
22:57:41 INFO  : FPGA configured successfully with bitstream "C:/vivado_projects/TCP_NEXYS4DDR/TCP_NEXYS4DDR.sdk/design_1_wrapper_hw_platform_0/design_1_wrapper.bit"
22:57:41 INFO  : 'configparams mdm-detect-bscan-mask 2' command is executed.
22:57:42 INFO  : Context for processor 'microblaze_0' is selected.
22:57:42 INFO  : Processor reset is completed for 'microblaze_0'.
22:57:42 INFO  : Context for processor 'microblaze_0' is selected.
22:57:43 INFO  : The application 'C:/vivado_projects/TCP_NEXYS4DDR/TCP_NEXYS4DDR.sdk/echo_server/Debug/echo_server.elf' is downloaded to processor 'microblaze_0'.
22:57:43 INFO  : ----------------XSDB Script----------------
connect -url tcp:127.0.0.1:3121
targets -set -filter {jtag_cable_name =~ "Digilent Nexys4DDR 210292A4C746A" && level==0} -index 0
fpga -file C:/vivado_projects/TCP_NEXYS4DDR/TCP_NEXYS4DDR.sdk/design_1_wrapper_hw_platform_0/design_1_wrapper.bit
configparams mdm-detect-bscan-mask 2
targets -set -nocase -filter {name =~ "microblaze*#0" && bscan=="USER2"  && jtag_cable_name =~ "Digilent Nexys4DDR 210292A4C746A"} -index 0
rst -processor
targets -set -nocase -filter {name =~ "microblaze*#0" && bscan=="USER2"  && jtag_cable_name =~ "Digilent Nexys4DDR 210292A4C746A"} -index 0
dow C:/vivado_projects/TCP_NEXYS4DDR/TCP_NEXYS4DDR.sdk/echo_server/Debug/echo_server.elf
----------------End of Script----------------

22:57:44 INFO  : Context for processor 'microblaze_0' is selected.
22:57:44 INFO  : 'con' command is executed.
22:57:44 INFO  : ----------------XSDB Script (After Launch)----------------
targets -set -nocase -filter {name =~ "microblaze*#0" && bscan=="USER2"  && jtag_cable_name =~ "Digilent Nexys4DDR 210292A4C746A"} -index 0
con
----------------End of Script----------------

22:57:44 INFO  : Disconnected from the channel tcfchan#4.
23:00:32 INFO  : Connected to target on host '127.0.0.1' and port '3121'.
23:00:33 INFO  : Jtag cable 'Digilent Nexys4DDR 210292A4C746A' is selected.
23:00:33 INFO  : 'jtag frequency' command is executed.
23:00:34 INFO  : 'targets -set -filter {jtag_cable_name =~ "Digilent Nexys4DDR 210292A4C746A" && level==0} -index 0' command is executed.
23:00:36 INFO  : FPGA configured successfully with bitstream "C:/vivado_projects/TCP_NEXYS4DDR/TCP_NEXYS4DDR.sdk/design_1_wrapper_hw_platform_0/design_1_wrapper.bit"
23:00:36 INFO  : 'configparams mdm-detect-bscan-mask 2' command is executed.
23:00:37 INFO  : Context for processor 'microblaze_0' is selected.
23:00:37 INFO  : Processor reset is completed for 'microblaze_0'.
23:00:38 INFO  : Context for processor 'microblaze_0' is selected.
23:00:39 INFO  : The application 'C:/vivado_projects/TCP_NEXYS4DDR/TCP_NEXYS4DDR.sdk/echo_server/Debug/echo_server.elf' is downloaded to processor 'microblaze_0'.
23:00:39 INFO  : ----------------XSDB Script----------------
connect -url tcp:127.0.0.1:3121
targets -set -filter {jtag_cable_name =~ "Digilent Nexys4DDR 210292A4C746A" && level==0} -index 0
fpga -file C:/vivado_projects/TCP_NEXYS4DDR/TCP_NEXYS4DDR.sdk/design_1_wrapper_hw_platform_0/design_1_wrapper.bit
configparams mdm-detect-bscan-mask 2
targets -set -nocase -filter {name =~ "microblaze*#0" && bscan=="USER2"  && jtag_cable_name =~ "Digilent Nexys4DDR 210292A4C746A"} -index 0
rst -processor
targets -set -nocase -filter {name =~ "microblaze*#0" && bscan=="USER2"  && jtag_cable_name =~ "Digilent Nexys4DDR 210292A4C746A"} -index 0
dow C:/vivado_projects/TCP_NEXYS4DDR/TCP_NEXYS4DDR.sdk/echo_server/Debug/echo_server.elf
----------------End of Script----------------

23:00:40 INFO  : Context for processor 'microblaze_0' is selected.
23:00:40 INFO  : 'con' command is executed.
23:00:40 INFO  : ----------------XSDB Script (After Launch)----------------
targets -set -nocase -filter {name =~ "microblaze*#0" && bscan=="USER2"  && jtag_cable_name =~ "Digilent Nexys4DDR 210292A4C746A"} -index 0
con
----------------End of Script----------------

23:00:40 INFO  : Disconnected from the channel tcfchan#5.
23:03:45 INFO  : Connected to target on host '127.0.0.1' and port '3121'.
23:03:46 INFO  : Jtag cable 'Digilent Nexys4DDR 210292A4C746A' is selected.
23:03:46 INFO  : 'jtag frequency' command is executed.
23:03:47 INFO  : 'targets -set -filter {jtag_cable_name =~ "Digilent Nexys4DDR 210292A4C746A" && level==0} -index 0' command is executed.
23:03:49 INFO  : FPGA configured successfully with bitstream "C:/vivado_projects/TCP_NEXYS4DDR/TCP_NEXYS4DDR.sdk/design_1_wrapper_hw_platform_0/design_1_wrapper.bit"
23:03:49 INFO  : 'configparams mdm-detect-bscan-mask 2' command is executed.
23:03:50 INFO  : Context for processor 'microblaze_0' is selected.
23:03:50 INFO  : Processor reset is completed for 'microblaze_0'.
23:03:51 INFO  : Context for processor 'microblaze_0' is selected.
23:03:52 INFO  : The application 'C:/vivado_projects/TCP_NEXYS4DDR/TCP_NEXYS4DDR.sdk/echo_server/Debug/echo_server.elf' is downloaded to processor 'microblaze_0'.
23:03:52 INFO  : ----------------XSDB Script----------------
connect -url tcp:127.0.0.1:3121
targets -set -filter {jtag_cable_name =~ "Digilent Nexys4DDR 210292A4C746A" && level==0} -index 0
fpga -file C:/vivado_projects/TCP_NEXYS4DDR/TCP_NEXYS4DDR.sdk/design_1_wrapper_hw_platform_0/design_1_wrapper.bit
configparams mdm-detect-bscan-mask 2
targets -set -nocase -filter {name =~ "microblaze*#0" && bscan=="USER2"  && jtag_cable_name =~ "Digilent Nexys4DDR 210292A4C746A"} -index 0
rst -processor
targets -set -nocase -filter {name =~ "microblaze*#0" && bscan=="USER2"  && jtag_cable_name =~ "Digilent Nexys4DDR 210292A4C746A"} -index 0
dow C:/vivado_projects/TCP_NEXYS4DDR/TCP_NEXYS4DDR.sdk/echo_server/Debug/echo_server.elf
----------------End of Script----------------

23:03:53 INFO  : Context for processor 'microblaze_0' is selected.
23:03:53 INFO  : 'con' command is executed.
23:03:53 INFO  : ----------------XSDB Script (After Launch)----------------
targets -set -nocase -filter {name =~ "microblaze*#0" && bscan=="USER2"  && jtag_cable_name =~ "Digilent Nexys4DDR 210292A4C746A"} -index 0
con
----------------End of Script----------------

23:03:53 INFO  : Disconnected from the channel tcfchan#6.
23:06:52 INFO  : Connected to target on host '127.0.0.1' and port '3121'.
23:06:52 INFO  : Jtag cable 'Digilent Nexys4DDR 210292A4C746A' is selected.
23:06:52 INFO  : 'jtag frequency' command is executed.
23:06:52 INFO  : 'targets -set -filter {jtag_cable_name =~ "Digilent Nexys4DDR 210292A4C746A" && level==0} -index 0' command is executed.
23:06:54 INFO  : FPGA configured successfully with bitstream "C:/vivado_projects/TCP_NEXYS4DDR/TCP_NEXYS4DDR.sdk/design_1_wrapper_hw_platform_0/design_1_wrapper.bit"
23:06:54 INFO  : 'configparams mdm-detect-bscan-mask 2' command is executed.
23:06:54 INFO  : Context for processor 'microblaze_0' is selected.
23:06:54 INFO  : Processor reset is completed for 'microblaze_0'.
23:06:54 INFO  : Context for processor 'microblaze_0' is selected.
23:06:55 INFO  : The application 'C:/vivado_projects/TCP_NEXYS4DDR/TCP_NEXYS4DDR.sdk/echo_server/Debug/echo_server.elf' is downloaded to processor 'microblaze_0'.
23:06:55 INFO  : ----------------XSDB Script----------------
connect -url tcp:127.0.0.1:3121
targets -set -filter {jtag_cable_name =~ "Digilent Nexys4DDR 210292A4C746A" && level==0} -index 0
fpga -file C:/vivado_projects/TCP_NEXYS4DDR/TCP_NEXYS4DDR.sdk/design_1_wrapper_hw_platform_0/design_1_wrapper.bit
configparams mdm-detect-bscan-mask 2
targets -set -nocase -filter {name =~ "microblaze*#0" && bscan=="USER2"  && jtag_cable_name =~ "Digilent Nexys4DDR 210292A4C746A"} -index 0
rst -processor
targets -set -nocase -filter {name =~ "microblaze*#0" && bscan=="USER2"  && jtag_cable_name =~ "Digilent Nexys4DDR 210292A4C746A"} -index 0
dow C:/vivado_projects/TCP_NEXYS4DDR/TCP_NEXYS4DDR.sdk/echo_server/Debug/echo_server.elf
----------------End of Script----------------

23:06:55 INFO  : Context for processor 'microblaze_0' is selected.
23:06:55 INFO  : 'con' command is executed.
23:06:55 INFO  : ----------------XSDB Script (After Launch)----------------
targets -set -nocase -filter {name =~ "microblaze*#0" && bscan=="USER2"  && jtag_cable_name =~ "Digilent Nexys4DDR 210292A4C746A"} -index 0
con
----------------End of Script----------------

23:06:55 INFO  : Disconnected from the channel tcfchan#7.
23:14:12 INFO  : Connected to target on host '127.0.0.1' and port '3121'.
23:14:13 INFO  : Jtag cable 'Digilent Nexys4DDR 210292A4C746A' is selected.
23:14:13 INFO  : 'jtag frequency' command is executed.
23:14:14 INFO  : 'targets -set -filter {jtag_cable_name =~ "Digilent Nexys4DDR 210292A4C746A" && level==0} -index 0' command is executed.
23:14:16 INFO  : FPGA configured successfully with bitstream "C:/vivado_projects/TCP_NEXYS4DDR/TCP_NEXYS4DDR.sdk/design_1_wrapper_hw_platform_0/design_1_wrapper.bit"
23:14:16 INFO  : 'configparams mdm-detect-bscan-mask 2' command is executed.
23:14:17 INFO  : Context for processor 'microblaze_0' is selected.
23:14:17 INFO  : Processor reset is completed for 'microblaze_0'.
23:14:17 INFO  : Context for processor 'microblaze_0' is selected.
23:14:18 INFO  : The application 'C:/vivado_projects/TCP_NEXYS4DDR/TCP_NEXYS4DDR.sdk/echo_server/Debug/echo_server.elf' is downloaded to processor 'microblaze_0'.
23:14:18 INFO  : ----------------XSDB Script----------------
connect -url tcp:127.0.0.1:3121
targets -set -filter {jtag_cable_name =~ "Digilent Nexys4DDR 210292A4C746A" && level==0} -index 0
fpga -file C:/vivado_projects/TCP_NEXYS4DDR/TCP_NEXYS4DDR.sdk/design_1_wrapper_hw_platform_0/design_1_wrapper.bit
configparams mdm-detect-bscan-mask 2
targets -set -nocase -filter {name =~ "microblaze*#0" && bscan=="USER2"  && jtag_cable_name =~ "Digilent Nexys4DDR 210292A4C746A"} -index 0
rst -processor
targets -set -nocase -filter {name =~ "microblaze*#0" && bscan=="USER2"  && jtag_cable_name =~ "Digilent Nexys4DDR 210292A4C746A"} -index 0
dow C:/vivado_projects/TCP_NEXYS4DDR/TCP_NEXYS4DDR.sdk/echo_server/Debug/echo_server.elf
----------------End of Script----------------

23:14:19 INFO  : Context for processor 'microblaze_0' is selected.
23:14:19 INFO  : 'con' command is executed.
23:14:19 INFO  : ----------------XSDB Script (After Launch)----------------
targets -set -nocase -filter {name =~ "microblaze*#0" && bscan=="USER2"  && jtag_cable_name =~ "Digilent Nexys4DDR 210292A4C746A"} -index 0
con
----------------End of Script----------------

23:14:19 INFO  : Disconnected from the channel tcfchan#8.
23:24:21 INFO  : Connected to target on host '127.0.0.1' and port '3121'.
23:24:22 INFO  : Jtag cable 'Digilent Nexys4DDR 210292A4C746A' is selected.
23:24:22 INFO  : 'jtag frequency' command is executed.
23:24:22 INFO  : 'targets -set -filter {jtag_cable_name =~ "Digilent Nexys4DDR 210292A4C746A" && level==0} -index 0' command is executed.
23:24:24 INFO  : FPGA configured successfully with bitstream "C:/vivado_projects/TCP_NEXYS4DDR/TCP_NEXYS4DDR.sdk/design_1_wrapper_hw_platform_0/design_1_wrapper.bit"
23:24:24 INFO  : 'configparams mdm-detect-bscan-mask 2' command is executed.
23:24:24 INFO  : Context for processor 'microblaze_0' is selected.
23:24:24 INFO  : Processor reset is completed for 'microblaze_0'.
23:24:24 INFO  : Context for processor 'microblaze_0' is selected.
23:24:25 INFO  : The application 'C:/vivado_projects/TCP_NEXYS4DDR/TCP_NEXYS4DDR.sdk/echo_server/Debug/echo_server.elf' is downloaded to processor 'microblaze_0'.
23:24:25 INFO  : ----------------XSDB Script----------------
connect -url tcp:127.0.0.1:3121
targets -set -filter {jtag_cable_name =~ "Digilent Nexys4DDR 210292A4C746A" && level==0} -index 0
fpga -file C:/vivado_projects/TCP_NEXYS4DDR/TCP_NEXYS4DDR.sdk/design_1_wrapper_hw_platform_0/design_1_wrapper.bit
configparams mdm-detect-bscan-mask 2
targets -set -nocase -filter {name =~ "microblaze*#0" && bscan=="USER2"  && jtag_cable_name =~ "Digilent Nexys4DDR 210292A4C746A"} -index 0
rst -processor
targets -set -nocase -filter {name =~ "microblaze*#0" && bscan=="USER2"  && jtag_cable_name =~ "Digilent Nexys4DDR 210292A4C746A"} -index 0
dow C:/vivado_projects/TCP_NEXYS4DDR/TCP_NEXYS4DDR.sdk/echo_server/Debug/echo_server.elf
----------------End of Script----------------

23:24:25 INFO  : Context for processor 'microblaze_0' is selected.
23:24:25 INFO  : 'con' command is executed.
23:24:25 INFO  : ----------------XSDB Script (After Launch)----------------
targets -set -nocase -filter {name =~ "microblaze*#0" && bscan=="USER2"  && jtag_cable_name =~ "Digilent Nexys4DDR 210292A4C746A"} -index 0
con
----------------End of Script----------------

23:24:25 INFO  : Disconnected from the channel tcfchan#9.
23:38:11 INFO  : Connected to target on host '127.0.0.1' and port '3121'.
23:38:12 INFO  : Jtag cable 'Digilent Nexys4DDR 210292A4C746A' is selected.
23:38:12 INFO  : 'jtag frequency' command is executed.
23:38:12 INFO  : 'targets -set -filter {jtag_cable_name =~ "Digilent Nexys4DDR 210292A4C746A" && level==0} -index 0' command is executed.
23:38:14 INFO  : FPGA configured successfully with bitstream "C:/vivado_projects/TCP_NEXYS4DDR/TCP_NEXYS4DDR.sdk/design_1_wrapper_hw_platform_0/design_1_wrapper.bit"
23:38:14 INFO  : 'configparams mdm-detect-bscan-mask 2' command is executed.
23:38:14 INFO  : Context for processor 'microblaze_0' is selected.
23:38:14 INFO  : Processor reset is completed for 'microblaze_0'.
23:38:14 INFO  : Context for processor 'microblaze_0' is selected.
23:38:15 INFO  : The application 'C:/vivado_projects/TCP_NEXYS4DDR/TCP_NEXYS4DDR.sdk/echo_server/Debug/echo_server.elf' is downloaded to processor 'microblaze_0'.
23:38:15 INFO  : ----------------XSDB Script----------------
connect -url tcp:127.0.0.1:3121
targets -set -filter {jtag_cable_name =~ "Digilent Nexys4DDR 210292A4C746A" && level==0} -index 0
fpga -file C:/vivado_projects/TCP_NEXYS4DDR/TCP_NEXYS4DDR.sdk/design_1_wrapper_hw_platform_0/design_1_wrapper.bit
configparams mdm-detect-bscan-mask 2
targets -set -nocase -filter {name =~ "microblaze*#0" && bscan=="USER2"  && jtag_cable_name =~ "Digilent Nexys4DDR 210292A4C746A"} -index 0
rst -processor
targets -set -nocase -filter {name =~ "microblaze*#0" && bscan=="USER2"  && jtag_cable_name =~ "Digilent Nexys4DDR 210292A4C746A"} -index 0
dow C:/vivado_projects/TCP_NEXYS4DDR/TCP_NEXYS4DDR.sdk/echo_server/Debug/echo_server.elf
----------------End of Script----------------

23:38:15 INFO  : Context for processor 'microblaze_0' is selected.
23:38:15 INFO  : 'con' command is executed.
23:38:15 INFO  : ----------------XSDB Script (After Launch)----------------
targets -set -nocase -filter {name =~ "microblaze*#0" && bscan=="USER2"  && jtag_cable_name =~ "Digilent Nexys4DDR 210292A4C746A"} -index 0
con
----------------End of Script----------------

23:38:15 INFO  : Disconnected from the channel tcfchan#10.
23:43:13 INFO  : Connected to target on host '127.0.0.1' and port '3121'.
23:43:14 INFO  : Jtag cable 'Digilent Nexys4DDR 210292A4C746A' is selected.
23:43:14 INFO  : 'jtag frequency' command is executed.
23:43:14 INFO  : 'targets -set -filter {jtag_cable_name =~ "Digilent Nexys4DDR 210292A4C746A" && level==0} -index 0' command is executed.
23:43:16 INFO  : FPGA configured successfully with bitstream "C:/vivado_projects/TCP_NEXYS4DDR/TCP_NEXYS4DDR.sdk/design_1_wrapper_hw_platform_0/design_1_wrapper.bit"
23:43:16 INFO  : 'configparams mdm-detect-bscan-mask 2' command is executed.
23:43:16 INFO  : Context for processor 'microblaze_0' is selected.
23:43:16 INFO  : Processor reset is completed for 'microblaze_0'.
23:43:16 INFO  : Context for processor 'microblaze_0' is selected.
23:43:17 INFO  : The application 'C:/vivado_projects/TCP_NEXYS4DDR/TCP_NEXYS4DDR.sdk/echo_server/Debug/echo_server.elf' is downloaded to processor 'microblaze_0'.
23:43:17 INFO  : ----------------XSDB Script----------------
connect -url tcp:127.0.0.1:3121
targets -set -filter {jtag_cable_name =~ "Digilent Nexys4DDR 210292A4C746A" && level==0} -index 0
fpga -file C:/vivado_projects/TCP_NEXYS4DDR/TCP_NEXYS4DDR.sdk/design_1_wrapper_hw_platform_0/design_1_wrapper.bit
configparams mdm-detect-bscan-mask 2
targets -set -nocase -filter {name =~ "microblaze*#0" && bscan=="USER2"  && jtag_cable_name =~ "Digilent Nexys4DDR 210292A4C746A"} -index 0
rst -processor
targets -set -nocase -filter {name =~ "microblaze*#0" && bscan=="USER2"  && jtag_cable_name =~ "Digilent Nexys4DDR 210292A4C746A"} -index 0
dow C:/vivado_projects/TCP_NEXYS4DDR/TCP_NEXYS4DDR.sdk/echo_server/Debug/echo_server.elf
----------------End of Script----------------

23:43:17 INFO  : Context for processor 'microblaze_0' is selected.
23:43:17 INFO  : 'con' command is executed.
23:43:17 INFO  : ----------------XSDB Script (After Launch)----------------
targets -set -nocase -filter {name =~ "microblaze*#0" && bscan=="USER2"  && jtag_cable_name =~ "Digilent Nexys4DDR 210292A4C746A"} -index 0
con
----------------End of Script----------------

23:43:17 INFO  : Disconnected from the channel tcfchan#11.
